2024-08-04 23:21:43,446 - INFO - ----- Define Data Loader -----
2024-08-04 23:37:46,375 - INFO - ----- Define Data Loader -----
2024-08-05 00:24:12,136 - INFO - ----- Define Data Loader -----
2024-08-05 00:24:12,138 - INFO - X_train shape: (148, 3)
2024-08-05 00:24:12,138 - INFO - label_train shape: (148, 4)
2024-08-05 00:24:12,138 - INFO - X_val shape: (50, 3)
2024-08-05 00:24:12,138 - INFO - label_val shape: (50, 4)
2024-08-05 00:24:12,138 - INFO - X_test shape: (50, 3)
2024-08-05 00:24:12,138 - INFO - label_test shape: (50, 4)
2024-08-05 00:24:12,142 - INFO - Converted X_train shape: torch.Size([148, 3])
2024-08-05 00:24:12,142 - INFO - Converted label_train shape: torch.Size([148, 4])
2024-08-05 00:24:12,142 - INFO - Converted X_val shape: torch.Size([50, 3])
2024-08-05 00:24:12,142 - INFO - Converted label_val shape: torch.Size([50, 4])
2024-08-05 00:24:12,142 - INFO - Converted X_test shape: torch.Size([50, 3])
2024-08-05 00:24:12,142 - INFO - Converted label_test shape: torch.Size([50, 4])
2024-08-05 00:24:12,143 - INFO - Converted X_train shape after padding: torch.Size([148, 4])
2024-08-05 00:24:12,143 - INFO - Converted X_val shape after padding: torch.Size([50, 4])
2024-08-05 00:24:12,143 - INFO - Converted X_test shape after padding: torch.Size([50, 4])
2024-08-05 00:24:12,143 - INFO - ----- Define 1D swin -----
2024-08-05 00:24:15,253 - INFO - learning rate = 0.0003
2024-08-05 00:24:15,675 - INFO - start training
2024-08-05 00:24:25,861 - INFO - Epoch: 1/100, Train Loss: 3.714967808635855, Val Loss: 0.18375893235206603
2024-08-05 00:24:34,506 - INFO - Epoch: 2/100, Train Loss: 0.887285005641044, Val Loss: 0.6696861147880554
2024-08-05 00:24:43,361 - INFO - Epoch: 3/100, Train Loss: 0.6371313353994157, Val Loss: 0.40549907624721526
2024-08-05 00:24:51,987 - INFO - Epoch: 4/100, Train Loss: 0.4628399204764817, Val Loss: 0.018873633705079555
2024-08-05 00:25:00,599 - INFO - Epoch: 5/100, Train Loss: 0.6534633491836438, Val Loss: 0.05906682809814811
2024-08-05 00:25:09,256 - INFO - Epoch: 6/100, Train Loss: 0.5702849480046613, Val Loss: 0.15978819576092065
2024-08-05 00:25:19,023 - INFO - Epoch: 7/100, Train Loss: 0.4786827993151304, Val Loss: 0.07865488216280937
2024-08-05 00:25:27,640 - INFO - Epoch: 8/100, Train Loss: 0.6381735595043849, Val Loss: 0.2634607023745775
2024-08-05 00:25:36,264 - INFO - Epoch: 9/100, Train Loss: 0.4625219845502461, Val Loss: 0.41860134810209276
2024-08-05 00:25:45,044 - INFO - Epoch: 10/100, Train Loss: 0.48826505177075397, Val Loss: 0.18345148622989654
2024-08-05 00:25:53,814 - INFO - Epoch: 11/100, Train Loss: 0.43741312532723453, Val Loss: 0.2573533149063587
2024-08-05 00:26:02,955 - INFO - Epoch: 12/100, Train Loss: 0.33135604134735624, Val Loss: 0.05479449145495892
2024-08-05 00:26:11,777 - INFO - Epoch: 13/100, Train Loss: 0.38995638633826496, Val Loss: 0.17088948150165378
2024-08-05 00:26:20,462 - INFO - Epoch: 14/100, Train Loss: 0.3324204814129484, Val Loss: 0.14106211580336095
2024-08-05 00:26:29,340 - INFO - Epoch: 15/100, Train Loss: 0.2961807980302822, Val Loss: 0.8126838797330856
2024-08-05 00:26:37,961 - INFO - Epoch: 16/100, Train Loss: 0.5596104234180136, Val Loss: 0.0383121239580214
2024-08-05 00:26:47,327 - INFO - Epoch: 17/100, Train Loss: 0.47975070743720877, Val Loss: 0.1155961979366839
2024-08-05 00:26:55,914 - INFO - Epoch: 18/100, Train Loss: 0.3007953306911765, Val Loss: 0.35403387129306796
2024-08-05 00:27:04,706 - INFO - Epoch: 19/100, Train Loss: 0.40196035928848023, Val Loss: 0.5200091321021318
2024-08-05 00:27:13,734 - INFO - Epoch: 20/100, Train Loss: 0.4923273723043904, Val Loss: 0.30908674536272884
2024-08-05 00:27:23,044 - INFO - Epoch: 21/100, Train Loss: 0.2569803765068787, Val Loss: 0.09151272496208548
2024-08-05 00:27:32,643 - INFO - Epoch: 22/100, Train Loss: 0.48580155229019756, Val Loss: 0.05956967204809189
2024-08-05 00:27:41,546 - INFO - Epoch: 23/100, Train Loss: 0.3045021526962267, Val Loss: 0.21513797087594866
2024-08-05 00:27:50,387 - INFO - Epoch: 24/100, Train Loss: 0.23659638475274314, Val Loss: 0.24375618353486062
2024-08-05 00:27:59,269 - INFO - Epoch: 25/100, Train Loss: 0.36497228448924207, Val Loss: 0.6917154850810766
2024-08-05 00:28:08,329 - INFO - Epoch: 26/100, Train Loss: 0.29487108413721563, Val Loss: 0.3403087401390076
2024-08-05 00:28:17,163 - INFO - Epoch: 27/100, Train Loss: 0.2511622754391283, Val Loss: 0.5367779999971389
2024-08-05 00:28:26,770 - INFO - Epoch: 28/100, Train Loss: 0.30766346552283375, Val Loss: 0.16250815434381366
2024-08-05 00:28:35,663 - INFO - Epoch: 29/100, Train Loss: 0.32504188358418745, Val Loss: 0.06236334145069122
2024-08-05 00:28:44,749 - INFO - Epoch: 30/100, Train Loss: 0.23942014746166565, Val Loss: 0.44332768894732
2024-08-05 00:28:53,690 - INFO - Epoch: 31/100, Train Loss: 0.2399810574086685, Val Loss: 0.14636327139800415
2024-08-05 00:29:02,174 - INFO - Epoch: 32/100, Train Loss: 0.21909882207920245, Val Loss: 0.4863143593817949
2024-08-05 00:29:11,118 - INFO - Epoch: 33/100, Train Loss: 0.28823778356702345, Val Loss: 0.44516300737857817
2024-08-05 00:29:19,864 - INFO - Epoch: 34/100, Train Loss: 0.25558688753674663, Val Loss: 0.1998820423334837
2024-08-05 00:29:29,784 - INFO - Epoch: 35/100, Train Loss: 0.23986136401229463, Val Loss: 0.45094226486980915
2024-08-05 00:29:38,453 - INFO - Epoch: 36/100, Train Loss: 0.24405055097618922, Val Loss: 0.3021554751507938
2024-08-05 00:29:47,179 - INFO - Epoch: 37/100, Train Loss: 0.2226304007128567, Val Loss: 0.2824698643386364
2024-08-05 00:29:55,761 - INFO - Epoch: 38/100, Train Loss: 0.2342922286385343, Val Loss: 0.12005514204502106
2024-08-05 00:30:04,555 - INFO - Epoch: 39/100, Train Loss: 0.17301154509658698, Val Loss: 0.030808877795934678
2024-08-05 00:30:12,902 - INFO - Epoch: 40/100, Train Loss: 0.3940143811475561, Val Loss: 0.2486316429823637
2024-08-05 00:30:21,569 - INFO - Epoch: 41/100, Train Loss: 0.1814802555694572, Val Loss: 0.2757904529571533
2024-08-05 00:30:30,240 - INFO - Epoch: 42/100, Train Loss: 0.28173834451228835, Val Loss: 0.19021465614438057
2024-08-05 00:30:39,122 - INFO - Epoch: 43/100, Train Loss: 0.19493329360596584, Val Loss: 0.4896480700979009
2024-08-05 00:30:48,249 - INFO - Epoch: 44/100, Train Loss: 0.23278684057830204, Val Loss: 0.4212332382798195
2024-08-05 00:30:56,822 - INFO - Epoch: 45/100, Train Loss: 0.2217909907985076, Val Loss: 0.3497654106281698
2024-08-05 00:31:05,632 - INFO - Epoch: 46/100, Train Loss: 0.19180889101384357, Val Loss: 0.1729256822168827
2024-08-05 00:31:14,668 - INFO - Epoch: 47/100, Train Loss: 0.1695089787386383, Val Loss: 0.06390407722443342
2024-08-05 00:31:24,188 - INFO - Epoch: 48/100, Train Loss: 0.20011623292639097, Val Loss: 0.19726283371448516
2024-08-05 00:31:33,299 - INFO - Epoch: 49/100, Train Loss: 0.2446788561379386, Val Loss: 0.48268324534874407
2024-08-05 00:31:41,947 - INFO - Epoch: 50/100, Train Loss: 0.25916026367151457, Val Loss: 0.3328030600771308
2024-08-05 00:31:50,867 - INFO - Epoch: 51/100, Train Loss: 0.203220350612773, Val Loss: 0.22345252663828433
2024-08-05 00:31:59,860 - INFO - Epoch: 52/100, Train Loss: 0.2176988119734577, Val Loss: 0.3866747824382037
2024-08-05 00:32:09,077 - INFO - Epoch: 53/100, Train Loss: 0.22628578686979725, Val Loss: 0.29556192764081063
2024-08-05 00:32:17,834 - INFO - Epoch: 54/100, Train Loss: 0.18491161737207173, Val Loss: 0.25347286821343007
2024-08-05 00:32:26,573 - INFO - Epoch: 55/100, Train Loss: 0.17349154599926536, Val Loss: 0.17087030554190277
2024-08-05 00:32:35,205 - INFO - Epoch: 56/100, Train Loss: 0.1723892967141158, Val Loss: 0.07139684913679957
2024-08-05 00:32:44,086 - INFO - Epoch: 57/100, Train Loss: 0.2994145200087538, Val Loss: 0.3211858884803951
2024-08-05 00:32:52,540 - INFO - Epoch: 58/100, Train Loss: 0.19167927525956435, Val Loss: 0.22704590872512198
2024-08-05 00:33:01,137 - INFO - Epoch: 59/100, Train Loss: 0.15910097437350684, Val Loss: 0.11195799975190311
2024-08-05 00:33:09,645 - INFO - Epoch: 60/100, Train Loss: 0.16126410606100122, Val Loss: 0.05418345781043172
2024-08-05 00:33:18,215 - INFO - Epoch: 61/100, Train Loss: 0.15368359723534258, Val Loss: 0.04948764719767496
2024-08-05 00:33:26,835 - INFO - Epoch: 62/100, Train Loss: 0.10904216137596695, Val Loss: 0.23139527216553687
2024-08-05 00:33:35,938 - INFO - Epoch: 63/100, Train Loss: 0.20124890648750463, Val Loss: 0.21296123050153257
2024-08-05 00:33:44,808 - INFO - Epoch: 64/100, Train Loss: 0.16869741134861535, Val Loss: 0.13509272702038289
2024-08-05 00:33:53,588 - INFO - Epoch: 65/100, Train Loss: 0.17712562209989474, Val Loss: 0.20727649371605367
2024-08-05 00:34:02,260 - INFO - Epoch: 66/100, Train Loss: 0.20984269495474528, Val Loss: 0.0975931647978723
2024-08-05 00:34:10,856 - INFO - Epoch: 67/100, Train Loss: 0.20506010935217067, Val Loss: 0.051283616796135904
2024-08-05 00:34:19,519 - INFO - Epoch: 68/100, Train Loss: 0.1370966516221194, Val Loss: 0.02568136379122734
2024-08-05 00:34:28,278 - INFO - Epoch: 69/100, Train Loss: 0.1382555344843658, Val Loss: 0.17748321227030828
2024-08-05 00:34:37,000 - INFO - Epoch: 70/100, Train Loss: 0.15965115960303544, Val Loss: 0.10602276470977813
2024-08-05 00:34:45,717 - INFO - Epoch: 71/100, Train Loss: 0.15479370003024973, Val Loss: 0.08691065868362785
2024-08-05 00:34:54,671 - INFO - Epoch: 72/100, Train Loss: 0.1354884167289915, Val Loss: 0.030219448821153492
2024-08-05 00:35:03,339 - INFO - Epoch: 73/100, Train Loss: 0.19239605752542, Val Loss: 0.16981758002191782
2024-08-05 00:35:12,122 - INFO - Epoch: 74/100, Train Loss: 0.1400582876844596, Val Loss: 0.06891047560609877
2024-08-05 00:35:21,237 - INFO - Epoch: 75/100, Train Loss: 0.09451653543431815, Val Loss: 0.01978797422721982
2024-08-05 00:35:30,071 - INFO - Epoch: 76/100, Train Loss: 0.06925270549726446, Val Loss: 0.048591016829013824
2024-08-05 00:35:39,101 - INFO - Epoch: 77/100, Train Loss: 0.13560416472358378, Val Loss: 0.021043548206798733
2024-08-05 00:35:47,681 - INFO - Epoch: 78/100, Train Loss: 0.05946444844704348, Val Loss: 0.025271955453790726
2024-08-05 00:35:56,659 - INFO - Epoch: 79/100, Train Loss: 0.08416772956764829, Val Loss: 0.017019766170997173
2024-08-05 00:36:05,309 - INFO - Epoch: 80/100, Train Loss: 0.07676063494708049, Val Loss: 0.04899677226319909
2024-08-05 00:36:14,035 - INFO - Epoch: 81/100, Train Loss: 0.18215824222991345, Val Loss: 0.1082799581065774
2024-08-05 00:36:22,651 - INFO - Epoch: 82/100, Train Loss: 0.15401310359310308, Val Loss: 0.015397589383646847
2024-08-05 00:36:31,835 - INFO - Epoch: 83/100, Train Loss: 0.08684290779244809, Val Loss: 0.06507356831803918
2024-08-05 00:36:40,494 - INFO - Epoch: 84/100, Train Loss: 0.20854300563774272, Val Loss: 0.04983634451404214
2024-08-05 00:36:49,366 - INFO - Epoch: 85/100, Train Loss: 0.07084916862800743, Val Loss: 0.028212343328632414
2024-08-05 00:36:58,297 - INFO - Epoch: 86/100, Train Loss: 0.07352873289012161, Val Loss: 0.029520740678999572
2024-08-05 00:37:06,884 - INFO - Epoch: 87/100, Train Loss: 0.08606768532410718, Val Loss: 0.025578910559415816
2024-08-05 00:37:15,889 - INFO - Epoch: 88/100, Train Loss: 0.06049029660533887, Val Loss: 0.04266059003770351
2024-08-05 00:37:24,550 - INFO - Epoch: 89/100, Train Loss: 0.07263988139095238, Val Loss: 0.02230901474598795
2024-08-05 00:37:33,113 - INFO - Epoch: 90/100, Train Loss: 0.052122095280808294, Val Loss: 0.05921282961964607
2024-08-05 00:37:42,342 - INFO - Epoch: 91/100, Train Loss: 0.06325131385273307, Val Loss: 0.022902607945725323
2024-08-05 00:37:51,144 - INFO - Epoch: 92/100, Train Loss: 0.06825392070537861, Val Loss: 0.045817095637321475
2024-08-05 00:37:59,976 - INFO - Epoch: 93/100, Train Loss: 0.07283169575247164, Val Loss: 0.02184529710561037
2024-08-05 00:38:08,669 - INFO - Epoch: 94/100, Train Loss: 0.05581783007073682, Val Loss: 0.026558016701601447
2024-08-05 00:38:17,542 - INFO - Epoch: 95/100, Train Loss: 0.05055108868927582, Val Loss: 0.01762165536172688
2024-08-05 00:38:26,457 - INFO - Epoch: 96/100, Train Loss: 0.07215861242494194, Val Loss: 0.026511886999942363
2024-08-05 00:38:35,052 - INFO - Epoch: 97/100, Train Loss: 0.12895903131307884, Val Loss: 0.14191872999072075
2024-08-05 00:38:43,883 - INFO - Epoch: 98/100, Train Loss: 0.14215739082853385, Val Loss: 0.04159679529489949
2024-08-05 00:38:52,749 - INFO - Epoch: 99/100, Train Loss: 0.0616471213618973, Val Loss: 0.031371850529685615
2024-08-05 00:38:59,311 - INFO - Changed learning rate to 3e-5
2024-08-05 00:39:01,496 - INFO - Epoch: 100/100, Train Loss: 0.054858390187586634, Val Loss: 0.027037984249182044
2024-08-05 00:39:01,496 - INFO - Training completed!
2024-08-05 00:39:04,573 - INFO - epoch 82 minimize val loss (index start from 1)
2024-08-05 01:40:34,199 - INFO - ----- Define Data Loader -----
2024-08-05 01:40:34,201 - INFO - X_train shape: (148, 3)
2024-08-05 01:40:34,201 - INFO - label_train shape: (148, 4)
2024-08-05 01:40:34,201 - INFO - X_val shape: (50, 3)
2024-08-05 01:40:34,201 - INFO - label_val shape: (50, 4)
2024-08-05 01:40:34,201 - INFO - X_test shape: (50, 3)
2024-08-05 01:40:34,201 - INFO - label_test shape: (50, 4)
2024-08-05 01:40:34,206 - INFO - Converted X_train shape: torch.Size([148, 3])
2024-08-05 01:40:34,206 - INFO - Converted label_train shape: torch.Size([148, 4])
2024-08-05 01:40:34,206 - INFO - Converted X_val shape: torch.Size([50, 3])
2024-08-05 01:40:34,206 - INFO - Converted label_val shape: torch.Size([50, 4])
2024-08-05 01:40:34,206 - INFO - Converted X_test shape: torch.Size([50, 3])
2024-08-05 01:40:34,206 - INFO - Converted label_test shape: torch.Size([50, 4])
2024-08-05 01:40:34,207 - INFO - Converted X_train shape after padding: torch.Size([148, 4])
2024-08-05 01:40:34,207 - INFO - Converted X_val shape after padding: torch.Size([50, 4])
2024-08-05 01:40:34,207 - INFO - Converted X_test shape after padding: torch.Size([50, 4])
2024-08-05 01:40:34,207 - INFO - ----- Define 1D swin -----
2024-08-05 01:40:37,662 - INFO - learning rate = 0.0003
2024-08-05 01:40:37,913 - INFO - start training
2024-08-05 01:40:49,912 - INFO - Epoch: 1/100, Train Loss: 3.714967808635855, Val Loss: 0.18375893235206603
2024-08-05 01:41:00,222 - INFO - Epoch: 2/100, Train Loss: 0.887285005641044, Val Loss: 0.6696861147880554
2024-08-05 01:41:11,041 - INFO - Epoch: 3/100, Train Loss: 0.6371313353994157, Val Loss: 0.40549907624721526
2024-08-05 01:41:21,960 - INFO - Epoch: 4/100, Train Loss: 0.4628399204764817, Val Loss: 0.018873633705079555
2024-08-05 01:41:33,682 - INFO - Epoch: 5/100, Train Loss: 0.6534633491836438, Val Loss: 0.05906682809814811
2024-08-05 01:41:44,213 - INFO - Epoch: 6/100, Train Loss: 0.5702849480046613, Val Loss: 0.15978819576092065
2024-08-05 01:41:54,996 - INFO - Epoch: 7/100, Train Loss: 0.4786827993151304, Val Loss: 0.07865488216280937
2024-08-05 01:42:05,612 - INFO - Epoch: 8/100, Train Loss: 0.6381735595043849, Val Loss: 0.2634607023745775
2024-08-05 01:42:16,396 - INFO - Epoch: 9/100, Train Loss: 0.4625219845502461, Val Loss: 0.41860134810209276
2024-08-05 01:42:27,095 - INFO - Epoch: 10/100, Train Loss: 0.48826505177075397, Val Loss: 0.18345148622989654
2024-08-05 01:42:37,831 - INFO - Epoch: 11/100, Train Loss: 0.43741312532723453, Val Loss: 0.2573533149063587
2024-08-05 01:42:48,534 - INFO - Epoch: 12/100, Train Loss: 0.33135604134735624, Val Loss: 0.05479449145495892
2024-08-05 01:42:59,280 - INFO - Epoch: 13/100, Train Loss: 0.38995638633826496, Val Loss: 0.17088948150165378
2024-08-05 01:43:10,115 - INFO - Epoch: 14/100, Train Loss: 0.3324204814129484, Val Loss: 0.14106211580336095
2024-08-05 01:43:20,552 - INFO - Epoch: 15/100, Train Loss: 0.2961807980302822, Val Loss: 0.8126838797330856
2024-08-05 01:43:31,524 - INFO - Epoch: 16/100, Train Loss: 0.5596104234180136, Val Loss: 0.0383121239580214
2024-08-05 01:43:42,311 - INFO - Epoch: 17/100, Train Loss: 0.47975070743720877, Val Loss: 0.1155961979366839
2024-08-05 01:43:52,879 - INFO - Epoch: 18/100, Train Loss: 0.3007953306911765, Val Loss: 0.35403387129306796
2024-08-05 01:44:03,687 - INFO - Epoch: 19/100, Train Loss: 0.40196035928848023, Val Loss: 0.5200091321021318
2024-08-05 01:44:14,249 - INFO - Epoch: 20/100, Train Loss: 0.4923273723043904, Val Loss: 0.30908674536272884
2024-08-05 01:44:25,263 - INFO - Epoch: 21/100, Train Loss: 0.2569803765068787, Val Loss: 0.09151272496208548
2024-08-05 01:44:35,843 - INFO - Epoch: 22/100, Train Loss: 0.48580155229019756, Val Loss: 0.05956967204809189
2024-08-05 01:44:46,680 - INFO - Epoch: 23/100, Train Loss: 0.3045021526962267, Val Loss: 0.21513797087594866
2024-08-05 01:44:57,361 - INFO - Epoch: 24/100, Train Loss: 0.23659638475274314, Val Loss: 0.24375618353486062
2024-08-05 01:45:08,071 - INFO - Epoch: 25/100, Train Loss: 0.36497228448924207, Val Loss: 0.6917154850810766
2024-08-05 01:45:18,670 - INFO - Epoch: 26/100, Train Loss: 0.29487108413721563, Val Loss: 0.3403087401390076
2024-08-05 01:45:29,311 - INFO - Epoch: 27/100, Train Loss: 0.2511622754391283, Val Loss: 0.5367779999971389
2024-08-05 01:45:39,846 - INFO - Epoch: 28/100, Train Loss: 0.30766346552283375, Val Loss: 0.16250815434381366
2024-08-05 01:45:50,535 - INFO - Epoch: 29/100, Train Loss: 0.32504188358418745, Val Loss: 0.06236334145069122
2024-08-05 01:46:01,023 - INFO - Epoch: 30/100, Train Loss: 0.23942014746166565, Val Loss: 0.44332768894732
2024-08-05 01:46:11,876 - INFO - Epoch: 31/100, Train Loss: 0.2399810574086685, Val Loss: 0.14636327139800415
2024-08-05 01:46:22,347 - INFO - Epoch: 32/100, Train Loss: 0.21909882207920245, Val Loss: 0.4863143593817949
2024-08-05 01:46:33,094 - INFO - Epoch: 33/100, Train Loss: 0.28823778356702345, Val Loss: 0.44516300737857817
2024-08-05 01:46:43,819 - INFO - Epoch: 34/100, Train Loss: 0.25558688753674663, Val Loss: 0.1998820423334837
2024-08-05 01:46:54,556 - INFO - Epoch: 35/100, Train Loss: 0.23986136401229463, Val Loss: 0.45094226486980915
2024-08-05 01:47:05,313 - INFO - Epoch: 36/100, Train Loss: 0.24405055097618922, Val Loss: 0.3021554751507938
2024-08-05 01:47:16,079 - INFO - Epoch: 37/100, Train Loss: 0.2226304007128567, Val Loss: 0.2824698643386364
2024-08-05 01:47:26,818 - INFO - Epoch: 38/100, Train Loss: 0.2342922286385343, Val Loss: 0.12005514204502106
2024-08-05 01:47:37,644 - INFO - Epoch: 39/100, Train Loss: 0.17301154509658698, Val Loss: 0.030808877795934678
2024-08-05 01:47:48,196 - INFO - Epoch: 40/100, Train Loss: 0.3940143811475561, Val Loss: 0.2486316429823637
2024-08-05 01:47:59,012 - INFO - Epoch: 41/100, Train Loss: 0.1814802555694572, Val Loss: 0.2757904529571533
2024-08-05 01:48:10,049 - INFO - Epoch: 42/100, Train Loss: 0.28173834451228835, Val Loss: 0.19021465614438057
2024-08-05 01:48:20,582 - INFO - Epoch: 43/100, Train Loss: 0.19493329360596584, Val Loss: 0.4896480700979009
2024-08-05 01:48:31,076 - INFO - Epoch: 44/100, Train Loss: 0.23278684057830204, Val Loss: 0.4212332382798195
2024-08-05 01:48:41,792 - INFO - Epoch: 45/100, Train Loss: 0.2217909907985076, Val Loss: 0.3497654106281698
2024-08-05 01:48:52,440 - INFO - Epoch: 46/100, Train Loss: 0.19180889101384357, Val Loss: 0.1729256822168827
2024-08-05 01:49:03,254 - INFO - Epoch: 47/100, Train Loss: 0.1695089787386383, Val Loss: 0.06390407722443342
2024-08-05 01:49:13,808 - INFO - Epoch: 48/100, Train Loss: 0.20011623292639097, Val Loss: 0.19726283371448516
2024-08-05 01:49:25,188 - INFO - Epoch: 49/100, Train Loss: 0.2446788561379386, Val Loss: 0.48268324534874407
2024-08-05 01:49:35,681 - INFO - Epoch: 50/100, Train Loss: 0.25916026367151457, Val Loss: 0.3328030600771308
2024-08-05 01:49:46,299 - INFO - Epoch: 51/100, Train Loss: 0.203220350612773, Val Loss: 0.22345252663828433
2024-08-05 01:49:56,683 - INFO - Epoch: 52/100, Train Loss: 0.2176988119734577, Val Loss: 0.3866747824382037
2024-08-05 01:50:07,361 - INFO - Epoch: 53/100, Train Loss: 0.22628578686979725, Val Loss: 0.29556192764081063
2024-08-05 01:50:18,492 - INFO - Epoch: 54/100, Train Loss: 0.18491161737207173, Val Loss: 0.25347286821343007
2024-08-05 01:50:29,013 - INFO - Epoch: 55/100, Train Loss: 0.17349154599926536, Val Loss: 0.17087030554190277
2024-08-05 01:50:39,351 - INFO - Epoch: 56/100, Train Loss: 0.1723892967141158, Val Loss: 0.07139684913679957
2024-08-05 01:50:49,906 - INFO - Epoch: 57/100, Train Loss: 0.2994145200087538, Val Loss: 0.3211858884803951
2024-08-05 01:51:00,281 - INFO - Epoch: 58/100, Train Loss: 0.19167927525956435, Val Loss: 0.22704590872512198
2024-08-05 01:51:10,862 - INFO - Epoch: 59/100, Train Loss: 0.15910097437350684, Val Loss: 0.11195799975190311
2024-08-05 01:51:21,346 - INFO - Epoch: 60/100, Train Loss: 0.16126410606100122, Val Loss: 0.05418345781043172
2024-08-05 01:51:31,865 - INFO - Epoch: 61/100, Train Loss: 0.15368359723534258, Val Loss: 0.04948764719767496
2024-08-05 01:51:42,369 - INFO - Epoch: 62/100, Train Loss: 0.10904216137596695, Val Loss: 0.23139527216553687
2024-08-05 01:51:52,873 - INFO - Epoch: 63/100, Train Loss: 0.20124890648750463, Val Loss: 0.21296123050153257
2024-08-05 01:52:03,274 - INFO - Epoch: 64/100, Train Loss: 0.16869741134861535, Val Loss: 0.13509272702038289
2024-08-05 01:52:14,284 - INFO - Epoch: 65/100, Train Loss: 0.17712562209989474, Val Loss: 0.20727649371605367
2024-08-05 01:52:24,709 - INFO - Epoch: 66/100, Train Loss: 0.20984269495474528, Val Loss: 0.0975931647978723
2024-08-05 01:52:35,218 - INFO - Epoch: 67/100, Train Loss: 0.20506010935217067, Val Loss: 0.051283616796135904
2024-08-05 01:52:45,577 - INFO - Epoch: 68/100, Train Loss: 0.1370966516221194, Val Loss: 0.02568136379122734
2024-08-05 01:52:56,127 - INFO - Epoch: 69/100, Train Loss: 0.1382555344843658, Val Loss: 0.17748321227030828
2024-08-05 01:53:06,517 - INFO - Epoch: 70/100, Train Loss: 0.15965115960303544, Val Loss: 0.10602276470977813
2024-08-05 01:53:17,050 - INFO - Epoch: 71/100, Train Loss: 0.15479370003024973, Val Loss: 0.08691065868362785
2024-08-05 01:53:27,362 - INFO - Epoch: 72/100, Train Loss: 0.1354884167289915, Val Loss: 0.030219448821153492
2024-08-05 01:53:37,894 - INFO - Epoch: 73/100, Train Loss: 0.19239605752542, Val Loss: 0.16981758002191782
2024-08-05 01:53:48,141 - INFO - Epoch: 74/100, Train Loss: 0.1400582876844596, Val Loss: 0.06891047560609877
2024-08-05 01:53:58,598 - INFO - Epoch: 75/100, Train Loss: 0.09451653543431815, Val Loss: 0.01978797422721982
2024-08-05 01:54:08,888 - INFO - Epoch: 76/100, Train Loss: 0.06925270549726446, Val Loss: 0.048591016829013824
2024-08-05 01:54:19,222 - INFO - Epoch: 77/100, Train Loss: 0.13560416472358378, Val Loss: 0.021043548206798733
2024-08-05 01:54:29,571 - INFO - Epoch: 78/100, Train Loss: 0.05946444844704348, Val Loss: 0.025271955453790726
2024-08-05 01:54:39,774 - INFO - Epoch: 79/100, Train Loss: 0.08416772956764829, Val Loss: 0.017019766170997173
2024-08-05 01:54:50,204 - INFO - Epoch: 80/100, Train Loss: 0.07676063494708049, Val Loss: 0.04899677226319909
2024-08-05 01:55:00,589 - INFO - Epoch: 81/100, Train Loss: 0.18215824222991345, Val Loss: 0.1082799581065774
2024-08-05 01:55:11,195 - INFO - Epoch: 82/100, Train Loss: 0.15401310359310308, Val Loss: 0.015397589383646847
2024-08-05 01:55:21,876 - INFO - Epoch: 83/100, Train Loss: 0.08684290779244809, Val Loss: 0.06507356831803918
2024-08-05 01:55:32,555 - INFO - Epoch: 84/100, Train Loss: 0.20854300563774272, Val Loss: 0.04983634451404214
2024-08-05 01:55:42,838 - INFO - Epoch: 85/100, Train Loss: 0.07084916862800743, Val Loss: 0.028212343328632414
2024-08-05 01:55:53,297 - INFO - Epoch: 86/100, Train Loss: 0.07352873289012161, Val Loss: 0.029520740678999572
2024-08-05 01:56:03,514 - INFO - Epoch: 87/100, Train Loss: 0.08606768532410718, Val Loss: 0.025578910559415816
2024-08-05 01:56:13,941 - INFO - Epoch: 88/100, Train Loss: 0.06049029660533887, Val Loss: 0.04266059003770351
2024-08-05 01:56:24,437 - INFO - Epoch: 89/100, Train Loss: 0.07263988139095238, Val Loss: 0.02230901474598795
2024-08-05 01:56:34,767 - INFO - Epoch: 90/100, Train Loss: 0.052122095280808294, Val Loss: 0.05921282961964607
2024-08-05 01:56:44,999 - INFO - Epoch: 91/100, Train Loss: 0.06325131385273307, Val Loss: 0.022902607945725323
2024-08-05 01:56:55,402 - INFO - Epoch: 92/100, Train Loss: 0.06825392070537861, Val Loss: 0.045817095637321475
2024-08-05 01:57:05,634 - INFO - Epoch: 93/100, Train Loss: 0.07283169575247164, Val Loss: 0.02184529710561037
2024-08-05 01:57:15,957 - INFO - Epoch: 94/100, Train Loss: 0.05581783007073682, Val Loss: 0.026558016701601447
2024-08-05 01:57:26,253 - INFO - Epoch: 95/100, Train Loss: 0.05055108868927582, Val Loss: 0.01762165536172688
2024-08-05 01:57:36,971 - INFO - Epoch: 96/100, Train Loss: 0.07215861242494194, Val Loss: 0.026511886999942363
2024-08-05 01:57:47,248 - INFO - Epoch: 97/100, Train Loss: 0.12895903131307884, Val Loss: 0.14191872999072075
2024-08-05 01:57:57,596 - INFO - Epoch: 98/100, Train Loss: 0.14215739082853385, Val Loss: 0.04159679529489949
2024-08-05 01:58:07,951 - INFO - Epoch: 99/100, Train Loss: 0.0616471213618973, Val Loss: 0.031371850529685615
2024-08-05 01:58:14,737 - INFO - Changed learning rate to 3e-5
2024-08-05 01:58:18,511 - INFO - Epoch: 100/100, Train Loss: 0.054858390187586634, Val Loss: 0.027037984249182044
2024-08-05 01:58:18,511 - INFO - Training completed!
2024-08-05 01:58:21,490 - INFO - epoch 82 minimize val loss (index start from 1)
